u:\github projects\top down shooter\topdownshooter\topdownshooter\x64\debug\vc141.pdb
u:\github projects\top down shooter\topdownshooter\topdownshooter\x64\debug\vc141.idb
u:\github projects\top down shooter\topdownshooter\topdownshooter\x64\debug\game.obj
u:\github projects\top down shooter\topdownshooter\topdownshooter\x64\debug\main.obj
u:\github projects\top down shooter\topdownshooter\topdownshooter\x64\debug\entitymanager.obj
u:\github projects\top down shooter\topdownshooter\topdownshooter\x64\debug\statemanager.obj
u:\github projects\top down shooter\topdownshooter\topdownshooter\x64\debug\systemmanager.obj
u:\github projects\top down shooter\topdownshooter\topdownshooter\x64\debug\stategame.obj
u:\github projects\top down shooter\topdownshooter\topdownshooter\x64\debug\systembase.obj
u:\github projects\top down shooter\topdownshooter\topdownshooter\x64\debug\systemdrawable.obj
u:\github projects\top down shooter\topdownshooter\topdownshooter\x64\debug\entityinitializer.obj
u:\github projects\top down shooter\topdownshooter\topdownshooter\x64\debug\stringtoenumconvertor.obj
u:\github projects\top down shooter\topdownshooter\topdownshooter\x64\debug\window.obj
u:\github projects\top down shooter\topdownshooter\x64\debug\topdownshooter.pdb
u:\github projects\top down shooter\topdownshooter\topdownshooter\x64\debug\topdownshooter.tlog\cl.read.1.tlog
u:\github projects\top down shooter\topdownshooter\topdownshooter\x64\debug\topdownshooter.tlog\cl.write.1.tlog
u:\github projects\top down shooter\topdownshooter\topdownshooter\x64\debug\topdownshooter.tlog\cl.command.1.tlog
u:\github projects\top down shooter\topdownshooter\topdownshooter\x64\debug\topdownshooter.tlog\link-rc.read.1.tlog
u:\github projects\top down shooter\topdownshooter\topdownshooter\x64\debug\topdownshooter.tlog\link-rc.write.1.tlog
u:\github projects\top down shooter\topdownshooter\topdownshooter\x64\debug\topdownshooter.tlog\link-cvtres.read.1.tlog
u:\github projects\top down shooter\topdownshooter\topdownshooter\x64\debug\topdownshooter.tlog\link-cvtres.write.1.tlog
u:\github projects\top down shooter\topdownshooter\topdownshooter\x64\debug\topdownshooter.tlog\link.read.1.tlog
u:\github projects\top down shooter\topdownshooter\topdownshooter\x64\debug\topdownshooter.tlog\link.write.1.tlog
u:\github projects\top down shooter\topdownshooter\topdownshooter\x64\debug\topdownshooter.tlog\link.command.1.tlog
